<?xml version="1.0" encoding="UTF-8"?>
<!-- Generated by org.testng.reporters.JUnitReportReporter -->
<testsuite hostname="DESKTOP-6RPD72U" failures="0" tests="1" name="testCases.TC002_Login" time="1.781" errors="0" timestamp="2024-07-13T14:07:43 IST" skipped="0">
  <testcase classname="testCases.TC002_Login" name="test_Login" time="1.781"/>
</testsuite> <!-- testCases.TC002_Login -->
