<?xml version="1.0" encoding="UTF-8"?>
<!-- Generated by org.testng.reporters.JUnitReportReporter -->
<testsuite hostname="DESKTOP-6RPD72U" failures="0" tests="1" name="testCases.TC001_AccountRegistrationTest" time="2.667" errors="0" timestamp="2024-07-13T14:07:43 IST" skipped="0">
  <testcase classname="testCases.TC001_AccountRegistrationTest" name="verify_registration" time="2.667"/>
</testsuite> <!-- testCases.TC001_AccountRegistrationTest -->
